Command line:
   maquinaTB_isim_beh.exe
     -simmode  gui
     -simrunnum  0
     -socket  50379

Sun Jan 02 12:00:29 2022


 Elaboration Time: 0.15625 sec

 Current Memory Usage: 5804.31 Meg

 Total Signals          : 32
 Total Nets             : 17
 Total Signal Drivers   : 12
 Total Blocks           : 3
 Total Primitive Blocks : 2
 Total Processes        : 4
 Total Traceable Variables  : 9
 Total Scalar Nets and Variables : 378
Total Line Count : 44

 Total Simulation Time: 0.390625 sec

 Current Memory Usage: 4860.59 Meg

Sun Jan 02 12:11:16 2022

