Release 14.7 - xst P.20131013 (nt64)
Copyright (c) 1995-2013 Xilinx, Inc.  All rights reserved.
--> Parameter TMPDIR set to xst/projnav.tmp


Total REAL time to Xst completion: 0.00 secs
Total CPU time to Xst completion: 0.35 secs
 
--> Parameter xsthdpdir set to xst


Total REAL time to Xst completion: 0.00 secs
Total CPU time to Xst completion: 0.35 secs
 
--> Reading design: maquina.prj

TABLE OF CONTENTS
  1) Synthesis Options Summary
  2) HDL Compilation
  3) Design Hierarchy Analysis
  4) HDL Analysis
  5) HDL Synthesis
     5.1) HDL Synthesis Report
  6) Advanced HDL Synthesis
     6.1) Advanced HDL Synthesis Report
  7) Low Level Synthesis
  8) Partition Report
  9) Final Report
	9.1) Device utilization summary
	9.2) Partition Resource Summary
	9.3) TIMING REPORT


=========================================================================
*                      Synthesis Options Summary                        *
=========================================================================
---- Source Parameters
Input File Name                    : "maquina.prj"
Input Format                       : mixed
Ignore Synthesis Constraint File   : NO

---- Target Parameters
Output File Name                   : "maquina"
Output Format                      : NGC
Target Device                      : xc3s500e-4-fg320

---- Source Options
Top Module Name                    : maquina
Automatic FSM Extraction           : YES
FSM Encoding Algorithm             : Auto
Safe Implementation                : No
FSM Style                          : LUT
RAM Extraction                     : Yes
RAM Style                          : Auto
ROM Extraction                     : Yes
Mux Style                          : Auto
Decoder Extraction                 : YES
Priority Encoder Extraction        : Yes
Shift Register Extraction          : YES
Logical Shifter Extraction         : YES
XOR Collapsing                     : YES
ROM Style                          : Auto
Mux Extraction                     : Yes
Resource Sharing                   : YES
Asynchronous To Synchronous        : NO
Multiplier Style                   : Auto
Automatic Register Balancing       : No

---- Target Options
Add IO Buffers                     : YES
Global Maximum Fanout              : 100000
Add Generic Clock Buffer(BUFG)     : 24
Register Duplication               : YES
Slice Packing                      : YES
Optimize Instantiated Primitives   : NO
Use Clock Enable                   : Yes
Use Synchronous Set                : Yes
Use Synchronous Reset              : Yes
Pack IO Registers into IOBs        : Auto
Equivalent register Removal        : YES

---- General Options
Optimization Goal                  : Speed
Optimization Effort                : 1
Keep Hierarchy                     : No
Netlist Hierarchy                  : As_Optimized
RTL Output                         : Yes
Global Optimization                : AllClockNets
Read Cores                         : YES
Write Timing Constraints           : NO
Cross Clock Analysis               : NO
Hierarchy Separator                : /
Bus Delimiter                      : <>
Case Specifier                     : Maintain
Slice Utilization Ratio            : 100
BRAM Utilization Ratio             : 100
Verilog 2001                       : YES
Auto BRAM Packing                  : NO
Slice Utilization Ratio Delta      : 5

=========================================================================


=========================================================================
*                          HDL Compilation                              *
=========================================================================
Compiling vhdl file "C:/Users/omara/OneDrive/Escritorio/CartaASMRefrescos/maquina.vhd" in Library work.
Entity <maquina> compiled.
Entity <maquina> (Architecture <arq_maq>) compiled.

=========================================================================
*                     Design Hierarchy Analysis                         *
=========================================================================
Analyzing hierarchy for entity <maquina> in library <work> (architecture <arq_maq>).


=========================================================================
*                            HDL Analysis                               *
=========================================================================
Analyzing Entity <maquina> in library <work> (Architecture <arq_maq>).
Entity <maquina> analyzed. Unit <maquina> generated.


=========================================================================
*                           HDL Synthesis                               *
=========================================================================

Performing bidirectional port resolution...

Synthesizing Unit <maquina>.
    Related source file is "C:/Users/omara/OneDrive/Escritorio/CartaASMRefrescos/maquina.vhd".
INFO:Xst:1799 - State g is never reached in FSM <edo_pres>.
    Found finite state machine <FSM_0> for signal <edo_pres>.
    -----------------------------------------------------------------------
    | States             | 7                                              |
    | Transitions        | 12                                             |
    | Inputs             | 5                                              |
    | Outputs            | 7                                              |
    | Clock              | CLK                       (rising_edge)        |
    | Power Up State     | a                                              |
    | Encoding           | automatic                                      |
    | Implementation     | LUT                                            |
    -----------------------------------------------------------------------
WARNING:Xst:737 - Found 1-bit latch for signal <Q2>. Latches may be generated from incomplete case or if statements. We do not recommend the use of latches in FPGA/CPLD designs, as they may lead to timing problems.
INFO:Xst:2371 - HDL ADVISOR - Logic functions respectively driving the data and gate enable inputs of this latch share common terms. This situation will potentially lead to setup/hold violations and, as a result, to simulation problems. This situation may come from an incomplete case statement (all selector values are not covered). You should carefully review if it was in your intentions to describe such a latch.
WARNING:Xst:737 - Found 1-bit latch for signal <Q1>. Latches may be generated from incomplete case or if statements. We do not recommend the use of latches in FPGA/CPLD designs, as they may lead to timing problems.
INFO:Xst:2371 - HDL ADVISOR - Logic functions respectively driving the data and gate enable inputs of this latch share common terms. This situation will potentially lead to setup/hold violations and, as a result, to simulation problems. This situation may come from an incomplete case statement (all selector values are not covered). You should carefully review if it was in your intentions to describe such a latch.
WARNING:Xst:737 - Found 1-bit latch for signal <Q0>. Latches may be generated from incomplete case or if statements. We do not recommend the use of latches in FPGA/CPLD designs, as they may lead to timing problems.
INFO:Xst:2371 - HDL ADVISOR - Logic functions respectively driving the data and gate enable inputs of this latch share common terms. This situation will potentially lead to setup/hold violations and, as a result, to simulation problems. This situation may come from an incomplete case statement (all selector values are not covered). You should carefully review if it was in your intentions to describe such a latch.
    Summary:
	inferred   1 Finite State Machine(s).
Unit <maquina> synthesized.


=========================================================================
HDL Synthesis Report

Macro Statistics
# Latches                                              : 3
 1-bit latch                                           : 3

=========================================================================

=========================================================================
*                       Advanced HDL Synthesis                          *
=========================================================================

Analyzing FSM <FSM_0> for best encoding.
Optimizing FSM <edo_pres/FSM> on signal <edo_pres[1:7]> with one-hot encoding.
-------------------
 State | Encoding
-------------------
 a     | 0000001
 b     | 0000010
 c     | 0000100
 d     | 0001000
 e     | 0100000
 f     | 1000000
 g     | unreached
 h     | 0010000
-------------------

=========================================================================
Advanced HDL Synthesis Report

Macro Statistics
# FSMs                                                 : 1
# Latches                                              : 3
 1-bit latch                                           : 3

=========================================================================

=========================================================================
*                         Low Level Synthesis                           *
=========================================================================

Optimizing unit <maquina> ...

Mapping all equations...
Building and optimizing final netlist ...
Found area constraint ratio of 100 (+ 5) on block maquina, actual ratio is 0.

Final Macro Processing ...

=========================================================================
Final Register Report

Macro Statistics
# Registers                                            : 7
 Flip-Flops                                            : 7

=========================================================================

=========================================================================
*                           Partition Report                            *
=========================================================================

Partition Implementation Status
-------------------------------

  No Partitions were found in this design.

-------------------------------

=========================================================================
*                            Final Report                               *
=========================================================================
Final Results
RTL Top Level Output File Name     : maquina.ngr
Top Level Output File Name         : maquina
Output Format                      : NGC
Optimization Goal                  : Speed
Keep Hierarchy                     : No

Design Statistics
# IOs                              : 15

Cell Usage :
# BELS                             : 9
#      GND                         : 1
#      LUT2                        : 4
#      LUT3                        : 2
#      LUT4                        : 2
# FlipFlops/Latches                : 10
#      FD                          : 3
#      FDR                         : 2
#      FDS                         : 2
#      LD_1                        : 3
# Clock Buffers                    : 1
#      BUFGP                       : 1
# IO Buffers                       : 13
#      IBUF                        : 4
#      OBUF                        : 9
=========================================================================

Device utilization summary:
---------------------------

Selected Device : 3s500efg320-4 

 Number of Slices:                        4  out of   4656     0%  
 Number of Slice Flip Flops:              7  out of   9312     0%  
 Number of 4 input LUTs:                  8  out of   9312     0%  
 Number of IOs:                          15
 Number of bonded IOBs:                  14  out of    232     6%  
    IOB Flip Flops:                       3
 Number of GCLKs:                         1  out of     24     4%  

---------------------------
Partition Resource Summary:
---------------------------

  No Partitions were found in this design.

---------------------------


=========================================================================
TIMING REPORT

NOTE: THESE TIMING NUMBERS ARE ONLY A SYNTHESIS ESTIMATE.
      FOR ACCURATE TIMING INFORMATION PLEASE REFER TO THE TRACE REPORT
      GENERATED AFTER PLACE-and-ROUTE.

Clock Information:
------------------
-----------------------------------+------------------------+-------+
Clock Signal                       | Clock buffer(FF name)  | Load  |
-----------------------------------+------------------------+-------+
edo_pres_FSM_FFd3                  | NONE(Q0)               | 3     |
CLK                                | BUFGP                  | 7     |
-----------------------------------+------------------------+-------+
INFO:Xst:2169 - HDL ADVISOR - Some clock signals were not automatically buffered by XST with BUFG/BUFR resources. Please use the buffer_type constraint in order to insert these buffers to the clock signals to help prevent skew problems.

Asynchronous Control Signals Information:
----------------------------------------
No asynchronous control signals found in this design

Timing Summary:
---------------
Speed Grade: -4

   Minimum period: 2.269ns (Maximum Frequency: 440.723MHz)
   Minimum input arrival time before clock: 2.936ns
   Maximum output required time after clock: 4.496ns
   Maximum combinational path delay: No path found

Timing Detail:
--------------
All values displayed in nanoseconds (ns)

=========================================================================
Timing constraint: Default period analysis for Clock 'CLK'
  Clock period: 2.269ns (frequency: 440.723MHz)
  Total number of paths / destination ports: 12 / 9
-------------------------------------------------------------------------
Delay:               2.269ns (Levels of Logic = 1)
  Source:            edo_pres_FSM_FFd2 (FF)
  Destination:       edo_pres_FSM_FFd1 (FF)
  Source Clock:      CLK rising
  Destination Clock: CLK rising

  Data Path: edo_pres_FSM_FFd2 to edo_pres_FSM_FFd1
                                Gate     Net
    Cell:in->out      fanout   Delay   Delay  Logical Name (Net Name)
    ----------------------------------------  ------------
     FD:C->Q               4   0.591   0.666  edo_pres_FSM_FFd2 (edo_pres_FSM_FFd2)
     LUT2:I1->O            1   0.704   0.000  edo_pres_FSM_FFd1-In1 (edo_pres_FSM_FFd1-In)
     FD:D                      0.308          edo_pres_FSM_FFd1
    ----------------------------------------
    Total                      2.269ns (1.603ns logic, 0.666ns route)
                                       (70.6% logic, 29.4% route)

=========================================================================
Timing constraint: Default OFFSET IN BEFORE for Clock 'CLK'
  Total number of paths / destination ports: 9 / 7
-------------------------------------------------------------------------
Offset:              2.936ns (Levels of Logic = 2)
  Source:            MONEDA (PAD)
  Destination:       edo_pres_FSM_FFd6 (FF)
  Destination Clock: CLK rising

  Data Path: MONEDA to edo_pres_FSM_FFd6
                                Gate     Net
    Cell:in->out      fanout   Delay   Delay  Logical Name (Net Name)
    ----------------------------------------  ------------
     IBUF:I->O             3   1.218   0.706  MONEDA_IBUF (MONEDA_IBUF)
     LUT3:I0->O            1   0.704   0.000  edo_pres_FSM_FFd6-In1 (edo_pres_FSM_FFd6-In)
     FD:D                      0.308          edo_pres_FSM_FFd6
    ----------------------------------------
    Total                      2.936ns (2.230ns logic, 0.706ns route)
                                       (76.0% logic, 24.0% route)

=========================================================================
Timing constraint: Default OFFSET OUT AFTER for Clock 'CLK'
  Total number of paths / destination ports: 5 / 5
-------------------------------------------------------------------------
Offset:              4.496ns (Levels of Logic = 1)
  Source:            edo_pres_FSM_FFd1 (FF)
  Destination:       LIMPIA (PAD)
  Source Clock:      CLK rising

  Data Path: edo_pres_FSM_FFd1 to LIMPIA
                                Gate     Net
    Cell:in->out      fanout   Delay   Delay  Logical Name (Net Name)
    ----------------------------------------  ------------
     FD:C->Q               5   0.591   0.633  edo_pres_FSM_FFd1 (edo_pres_FSM_FFd1)
     OBUF:I->O                 3.272          LIMPIA_OBUF (LIMPIA)
    ----------------------------------------
    Total                      4.496ns (3.863ns logic, 0.633ns route)
                                       (85.9% logic, 14.1% route)

=========================================================================
Timing constraint: Default OFFSET OUT AFTER for Clock 'edo_pres_FSM_FFd3'
  Total number of paths / destination ports: 3 / 3
-------------------------------------------------------------------------
Offset:              4.368ns (Levels of Logic = 1)
  Source:            Q0 (LATCH)
  Destination:       Q0 (PAD)
  Source Clock:      edo_pres_FSM_FFd3 rising

  Data Path: Q0 to Q0
                                Gate     Net
    Cell:in->out      fanout   Delay   Delay  Logical Name (Net Name)
    ----------------------------------------  ------------
     LD_1:G->Q             1   0.676   0.420  Q0 (Q0_OBUF)
     OBUF:I->O                 3.272          Q0_OBUF (Q0)
    ----------------------------------------
    Total                      4.368ns (3.948ns logic, 0.420ns route)
                                       (90.4% logic, 9.6% route)

=========================================================================


Total REAL time to Xst completion: 5.00 secs
Total CPU time to Xst completion: 5.59 secs
 
--> 

Total memory usage is 4513300 kilobytes

Number of errors   :    0 (   0 filtered)
Number of warnings :    3 (   0 filtered)
Number of infos    :    5 (   0 filtered)

