Release 14.7 - xst P.20131013 (nt64)
Copyright (c) 1995-2013 Xilinx, Inc.  All rights reserved.
--> Parameter TMPDIR set to xst/projnav.tmp


Total REAL time to Xst completion: 0.00 secs
Total CPU time to Xst completion: 0.16 secs
 
--> Parameter xsthdpdir set to xst


Total REAL time to Xst completion: 0.00 secs
Total CPU time to Xst completion: 0.16 secs
 
--> Reading design: c_alarma.prj

TABLE OF CONTENTS
  1) Synthesis Options Summary
  2) HDL Compilation
  3) Design Hierarchy Analysis
  4) HDL Analysis
  5) HDL Synthesis
     5.1) HDL Synthesis Report
  6) Advanced HDL Synthesis
     6.1) Advanced HDL Synthesis Report
  7) Low Level Synthesis
  8) Partition Report
  9) Final Report
	9.1) Device utilization summary
	9.2) Partition Resource Summary
	9.3) TIMING REPORT


=========================================================================
*                      Synthesis Options Summary                        *
=========================================================================
---- Source Parameters
Input File Name                    : "c_alarma.prj"
Input Format                       : mixed
Ignore Synthesis Constraint File   : NO

---- Target Parameters
Output File Name                   : "c_alarma"
Output Format                      : NGC
Target Device                      : xc3s500e-4-fg320

---- Source Options
Top Module Name                    : c_alarma
Automatic FSM Extraction           : YES
FSM Encoding Algorithm             : Auto
Safe Implementation                : No
FSM Style                          : LUT
RAM Extraction                     : Yes
RAM Style                          : Auto
ROM Extraction                     : Yes
Mux Style                          : Auto
Decoder Extraction                 : YES
Priority Encoder Extraction        : Yes
Shift Register Extraction          : YES
Logical Shifter Extraction         : YES
XOR Collapsing                     : YES
ROM Style                          : Auto
Mux Extraction                     : Yes
Resource Sharing                   : YES
Asynchronous To Synchronous        : NO
Multiplier Style                   : Auto
Automatic Register Balancing       : No

---- Target Options
Add IO Buffers                     : YES
Global Maximum Fanout              : 100000
Add Generic Clock Buffer(BUFG)     : 24
Register Duplication               : YES
Slice Packing                      : YES
Optimize Instantiated Primitives   : NO
Use Clock Enable                   : Yes
Use Synchronous Set                : Yes
Use Synchronous Reset              : Yes
Pack IO Registers into IOBs        : Auto
Equivalent register Removal        : YES

---- General Options
Optimization Goal                  : Speed
Optimization Effort                : 1
Keep Hierarchy                     : No
Netlist Hierarchy                  : As_Optimized
RTL Output                         : Yes
Global Optimization                : AllClockNets
Read Cores                         : YES
Write Timing Constraints           : NO
Cross Clock Analysis               : NO
Hierarchy Separator                : /
Bus Delimiter                      : <>
Case Specifier                     : Maintain
Slice Utilization Ratio            : 100
BRAM Utilization Ratio             : 100
Verilog 2001                       : YES
Auto BRAM Packing                  : NO
Slice Utilization Ratio Delta      : 5

=========================================================================


=========================================================================
*                          HDL Compilation                              *
=========================================================================
WARNING:HDLParsers:3607 - Unit work/c_alarma is now defined in a different file.  It was defined in "C:/.Xilinx/SitemaSeguridad/c_alarma.vhd", and is now defined in "C:/Users/omara/OneDrive/Escritorio/SitemaSeguridad/c_alarma.vhd".
WARNING:HDLParsers:3607 - Unit work/c_alarma/arq_alarma is now defined in a different file.  It was defined in "C:/.Xilinx/SitemaSeguridad/c_alarma.vhd", and is now defined in "C:/Users/omara/OneDrive/Escritorio/SitemaSeguridad/c_alarma.vhd".
Compiling vhdl file "C:/Users/omara/OneDrive/Escritorio/SitemaSeguridad/c_alarma.vhd" in Library work.
Architecture arq_alarma of Entity c_alarma is up to date.

=========================================================================
*                     Design Hierarchy Analysis                         *
=========================================================================
Analyzing hierarchy for entity <c_alarma> in library <work> (architecture <arq_alarma>).


=========================================================================
*                            HDL Analysis                               *
=========================================================================
Analyzing Entity <c_alarma> in library <work> (Architecture <arq_alarma>).
Entity <c_alarma> analyzed. Unit <c_alarma> generated.


=========================================================================
*                           HDL Synthesis                               *
=========================================================================

Performing bidirectional port resolution...

Synthesizing Unit <c_alarma>.
    Related source file is "C:/Users/omara/OneDrive/Escritorio/SitemaSeguridad/c_alarma.vhd".
    Found finite state machine <FSM_0> for signal <edo_pres>.
    -----------------------------------------------------------------------
    | States             | 12                                             |
    | Transitions        | 19                                             |
    | Inputs             | 3                                              |
    | Outputs            | 2                                              |
    | Clock              | clk                       (rising_edge)        |
    | Power Up State     | a                                              |
    | Encoding           | automatic                                      |
    | Implementation     | LUT                                            |
    -----------------------------------------------------------------------
    Summary:
	inferred   1 Finite State Machine(s).
Unit <c_alarma> synthesized.


=========================================================================
HDL Synthesis Report

Found no macro
=========================================================================

=========================================================================
*                       Advanced HDL Synthesis                          *
=========================================================================

Analyzing FSM <FSM_0> for best encoding.
Optimizing FSM <edo_pres/FSM> on signal <edo_pres[1:4]> with gray encoding.
-------------------
 State | Encoding
-------------------
 a     | 0000
 b     | 0001
 c     | 0011
 d     | 0010
 e     | 0111
 f     | 0100
 g     | 0101
 h     | 0110
 i     | 1100
 j     | 1111
 k     | 1110
 l     | 1101
-------------------

=========================================================================
Advanced HDL Synthesis Report

Macro Statistics
# FSMs                                                 : 1

=========================================================================

=========================================================================
*                         Low Level Synthesis                           *
=========================================================================

Optimizing unit <c_alarma> ...

Mapping all equations...
Building and optimizing final netlist ...
Found area constraint ratio of 100 (+ 5) on block c_alarma, actual ratio is 0.

Final Macro Processing ...

=========================================================================
Final Register Report

Macro Statistics
# Registers                                            : 4
 Flip-Flops                                            : 4

=========================================================================

=========================================================================
*                           Partition Report                            *
=========================================================================

Partition Implementation Status
-------------------------------

  No Partitions were found in this design.

-------------------------------

=========================================================================
*                            Final Report                               *
=========================================================================
Final Results
RTL Top Level Output File Name     : c_alarma.ngr
Top Level Output File Name         : c_alarma
Output Format                      : NGC
Optimization Goal                  : Speed
Keep Hierarchy                     : No

Design Statistics
# IOs                              : 8

Cell Usage :
# BELS                             : 14
#      GND                         : 1
#      LUT3                        : 3
#      LUT3_L                      : 1
#      LUT4                        : 6
#      LUT4_L                      : 1
#      MUXF5                       : 2
# FlipFlops/Latches                : 4
#      FD                          : 3
#      FDS                         : 1
# Clock Buffers                    : 1
#      BUFGP                       : 1
# IO Buffers                       : 7
#      IBUF                        : 3
#      OBUF                        : 4
=========================================================================

Device utilization summary:
---------------------------

Selected Device : 3s500efg320-4 

 Number of Slices:                        6  out of   4656     0%  
 Number of Slice Flip Flops:              4  out of   9312     0%  
 Number of 4 input LUTs:                 11  out of   9312     0%  
 Number of IOs:                           8
 Number of bonded IOBs:                   8  out of    232     3%  
 Number of GCLKs:                         1  out of     24     4%  

---------------------------
Partition Resource Summary:
---------------------------

  No Partitions were found in this design.

---------------------------


=========================================================================
TIMING REPORT

NOTE: THESE TIMING NUMBERS ARE ONLY A SYNTHESIS ESTIMATE.
      FOR ACCURATE TIMING INFORMATION PLEASE REFER TO THE TRACE REPORT
      GENERATED AFTER PLACE-and-ROUTE.

Clock Information:
------------------
-----------------------------------+------------------------+-------+
Clock Signal                       | Clock buffer(FF name)  | Load  |
-----------------------------------+------------------------+-------+
clk                                | BUFGP                  | 4     |
-----------------------------------+------------------------+-------+

Asynchronous Control Signals Information:
----------------------------------------
No asynchronous control signals found in this design

Timing Summary:
---------------
Speed Grade: -4

   Minimum period: 3.481ns (Maximum Frequency: 287.274MHz)
   Minimum input arrival time before clock: 3.875ns
   Maximum output required time after clock: 5.982ns
   Maximum combinational path delay: No path found

Timing Detail:
--------------
All values displayed in nanoseconds (ns)

=========================================================================
Timing constraint: Default period analysis for Clock 'clk'
  Clock period: 3.481ns (frequency: 287.274MHz)
  Total number of paths / destination ports: 24 / 5
-------------------------------------------------------------------------
Delay:               3.481ns (Levels of Logic = 1)
  Source:            edo_pres_FSM_FFd4 (FF)
  Destination:       edo_pres_FSM_FFd3 (FF)
  Source Clock:      clk rising
  Destination Clock: clk rising

  Data Path: edo_pres_FSM_FFd4 to edo_pres_FSM_FFd3
                                Gate     Net
    Cell:in->out      fanout   Delay   Delay  Logical Name (Net Name)
    ----------------------------------------  ------------
     FD:C->Q               9   0.591   0.855  edo_pres_FSM_FFd4 (edo_pres_FSM_FFd4)
     LUT3:I2->O            1   0.704   0.420  edo_pres_FSM_FFd3-In6 (edo_pres_FSM_FFd3-In6)
     FDS:S                     0.911          edo_pres_FSM_FFd3
    ----------------------------------------
    Total                      3.481ns (2.206ns logic, 1.275ns route)
                                       (63.4% logic, 36.6% route)

=========================================================================
Timing constraint: Default OFFSET IN BEFORE for Clock 'clk'
  Total number of paths / destination ports: 8 / 5
-------------------------------------------------------------------------
Offset:              3.875ns (Levels of Logic = 2)
  Source:            cont4 (PAD)
  Destination:       edo_pres_FSM_FFd3 (FF)
  Destination Clock: clk rising

  Data Path: cont4 to edo_pres_FSM_FFd3
                                Gate     Net
    Cell:in->out      fanout   Delay   Delay  Logical Name (Net Name)
    ----------------------------------------  ------------
     IBUF:I->O             2   1.218   0.622  cont4_IBUF (cont4_IBUF)
     LUT3:I0->O            1   0.704   0.420  edo_pres_FSM_FFd3-In6 (edo_pres_FSM_FFd3-In6)
     FDS:S                     0.911          edo_pres_FSM_FFd3
    ----------------------------------------
    Total                      3.875ns (2.833ns logic, 1.042ns route)
                                       (73.1% logic, 26.9% route)

=========================================================================
Timing constraint: Default OFFSET OUT AFTER for Clock 'clk'
  Total number of paths / destination ports: 8 / 2
-------------------------------------------------------------------------
Offset:              5.982ns (Levels of Logic = 2)
  Source:            edo_pres_FSM_FFd4 (FF)
  Destination:       inc (PAD)
  Source Clock:      clk rising

  Data Path: edo_pres_FSM_FFd4 to inc
                                Gate     Net
    Cell:in->out      fanout   Delay   Delay  Logical Name (Net Name)
    ----------------------------------------  ------------
     FD:C->Q               9   0.591   0.995  edo_pres_FSM_FFd4 (edo_pres_FSM_FFd4)
     LUT4:I0->O            1   0.704   0.420  edo_pres_FSM_Out01 (inc_OBUF)
     OBUF:I->O                 3.272          inc_OBUF (inc)
    ----------------------------------------
    Total                      5.982ns (4.567ns logic, 1.415ns route)
                                       (76.3% logic, 23.7% route)

=========================================================================


Total REAL time to Xst completion: 6.00 secs
Total CPU time to Xst completion: 5.72 secs
 
--> 

Total memory usage is 4513296 kilobytes

Number of errors   :    0 (   0 filtered)
Number of warnings :    2 (   0 filtered)
Number of infos    :    0 (   0 filtered)

