ISim log file
Running: C:\Users\omara\OneDrive\Escritorio\SitemaSeguridad\c_alarma_isim_beh.exe -intstyle ise -gui -tclbatch isim.cmd -wdb C:/Users/omara/OneDrive/Escritorio/SitemaSeguridad/c_alarma_isim_beh.wdb 
ISim P.20131013 (signature 0x7708f090)
WARNING: A WEBPACK license was found.
WARNING: Please use Xilinx License Configuration Manager to check out a full ISim license.
WARNING: ISim will run in Lite mode. Please refer to the ISim documentation for more information on the differences between the Lite and the Full version.
This is a Lite version of ISim.
Time resolution is 1 ps
# onerror resume
# wave add /
# run 1000 ns
Simulator is doing circuit initialization process.
Finished circuit initialization process.
# isim force add /c_alarma/clk 1 -radix bin -value 0 -radix bin -time 5 us -repeat 10 us
# isim force add /c_alarma/clk 1 -radix bin -value 0 -radix bin -time 5 us -repeat 10 us
# isim force add /c_alarma/boton 1 -radix bin
# run 1.00us
# isim force add /c_alarma/fx 1 -radix bin
# isim force add /c_alarma/fx 1 -radix bin
# isim force add /c_alarma/cont4 1 -radix bin
# isim force add /c_alarma/cont4 1 -radix bin
# run 1.00us
# isim force add /c_alarma/activa 1 -radix bin
# isim force add /c_alarma/activa 1 -radix bin
# run 1.00us
# isim force add /c_alarma/inc 1 -radix bin
# run 1.00us
